<?xml version="1.0" encoding="UTF-8"?>
<testsuite name="ScrabbleTest" tests="2" skipped="0" failures="0" errors="0" timestamp="2016-02-09T16:47:07" hostname="epicodus-65.local" time="0.002">
  <properties/>
  <testcase name="letterScore_UserEntersH_Returns4" classname="ScrabbleTest" time="0.001"/>
  <testcase name="letterScore_UserEntersA_Returns1" classname="ScrabbleTest" time="0.0"/>
  <system-out><![CDATA[]]></system-out>
  <system-err><![CDATA[]]></system-err>
</testsuite>
