<?xml version="1.0" encoding="UTF-8"?>
<testsuite name="ScrabbleTest" tests="7" skipped="0" failures="0" errors="0" timestamp="2016-02-09T16:57:37" hostname="epicodus-65.local" time="0.002">
  <properties/>
  <testcase name="letterScore_UserEntersK_Returns5" classname="ScrabbleTest" time="0.001"/>
  <testcase name="letterScore_UserEntersJ_Returns8" classname="ScrabbleTest" time="0.0"/>
  <testcase name="letterScore_UserEntersF_Returns4" classname="ScrabbleTest" time="0.0"/>
  <testcase name="letterScore_UserEntersD_Returns2" classname="ScrabbleTest" time="0.0"/>
  <testcase name="letterScore_UserEntersC_Returns3" classname="ScrabbleTest" time="0.0"/>
  <testcase name="letterScore_UserEntersA_Returns1" classname="ScrabbleTest" time="0.0"/>
  <testcase name="letterScore_UserEntersZ_Returns10" classname="ScrabbleTest" time="0.0"/>
  <system-out><![CDATA[]]></system-out>
  <system-err><![CDATA[]]></system-err>
</testsuite>
